<?xml version="1.0" encoding="UTF-8"?>
<!-- Generated by org.testng.reporters.JUnitReportReporter -->
<testsuite hostname="MONO-HYD-LAP-12" name="Module3_CurrrentDateAndTime.GetDateInJava" tests="1" failures="0" timestamp="26 Jun 2019 18:08:12 GMT" time="0.031" errors="0">
  <testcase name="f" time="0.031" classname="Module3_CurrrentDateAndTime.GetDateInJava"/>
</testsuite> <!-- Module3_CurrrentDateAndTime.GetDateInJava -->
