<?xml version="1.0" encoding="UTF-8"?>
<!-- Generated by org.testng.reporters.JUnitReportReporter -->
<testsuite hostname="MONO-HYD-LAP-12" name="Module4_HandleElementNotClickableXandYCord.Example2" tests="1" failures="0" timestamp="12 Jul 2019 12:43:53 GMT" time="6.928" errors="0">
  <testcase name="f" time="6.928" classname="Module4_HandleElementNotClickableXandYCord.Example2"/>
</testsuite> <!-- Module4_HandleElementNotClickableXandYCord.Example2 -->
