<?xml version="1.0" encoding="UTF-8"?>
<!-- Generated by org.testng.reporters.JUnitReportReporter -->
<testsuite skipped="0" hostname="ICICI-JENKINS" name="Module2.ISDisplayed_Enabled_Selected_Example" tests="1" failures="0" timestamp="03 Oct 2018 10:21:38 GMT" time="9.950" errors="0">
  <testcase name="f" time="9.950" classname="Module2.ISDisplayed_Enabled_Selected_Example"/>
</testsuite> <!-- Module2.ISDisplayed_Enabled_Selected_Example -->
