<?xml version="1.0" encoding="UTF-8"?>
<!-- Generated by org.testng.reporters.JUnitReportReporter -->
<testsuite hostname="MONO-HYD-LAP-12" name="Module3_RobotClass.EnterKeyUsingRobotClass" tests="1" failures="0" timestamp="24 Jun 2019 09:39:47 GMT" time="8.437" errors="0">
  <testcase name="f" time="8.437" classname="Module3_RobotClass.EnterKeyUsingRobotClass"/>
</testsuite> <!-- Module3_RobotClass.EnterKeyUsingRobotClass -->
