<?xml version="1.0" encoding="UTF-8"?>
<!-- Generated by org.testng.reporters.JUnitReportReporter -->
<testsuite hostname="MONO-HYD-LAP-12" name="topic_12_Module3_ProxySetting.FireFoxProxySetting" tests="1" failures="0" timestamp="16 Nov 2019 14:40:33 GMT" time="6.963" errors="0">
  <testcase name="setProxy" time="6.963" classname="topic_12_Module3_ProxySetting.FireFoxProxySetting"/>
</testsuite> <!-- topic_12_Module3_ProxySetting.FireFoxProxySetting -->
