<?xml version="1.0" encoding="UTF-8"?>
<!-- Generated by org.testng.reporters.JUnitReportReporter -->
<testsuite skipped="0" hostname="LAPTOP-D0CIFDTL" name="module2_uploadFile.UploadFileUsingRobotClass" tests="1" failures="0" timestamp="2022-10-26T11:21:39 IST" time="20.273" errors="0">
  <testcase name="f" time="20.273" classname="module2_uploadFile.UploadFileUsingRobotClass"/>
  <system-out/>
</testsuite> <!-- module2_uploadFile.UploadFileUsingRobotClass -->
