<?xml version="1.0" encoding="UTF-8"?>
<!-- Generated by org.testng.reporters.JUnitReportReporter -->
<testsuite hostname="MONO-HYD-LAP-12" name="topic_18_Module3_HandleHiddenElements.HowToHandleHiddenElementExample1" tests="1" failures="0" timestamp="16 Sep 2019 11:58:01 GMT" time="9.201" errors="0">
  <testcase name="f" time="9.201" classname="topic_18_Module3_HandleHiddenElements.HowToHandleHiddenElementExample1"/>
</testsuite> <!-- topic_18_Module3_HandleHiddenElements.HowToHandleHiddenElementExample1 -->
