<?xml version="1.0" encoding="UTF-8"?>
<!-- Generated by org.testng.reporters.JUnitReportReporter -->
<testsuite skipped="0" hostname="LAPTOP-D0CIFDTL" name="Module4_HandleElementNotVisbileAndXANDYCord.HandleHiddenWebElements" tests="1" failures="0" timestamp="2022-10-26T14:33:46 IST" time="6.738" errors="0">
  <testcase name="f" time="6.738" classname="Module4_HandleElementNotVisbileAndXANDYCord.HandleHiddenWebElements"/>
  <system-out/>
</testsuite> <!-- Module4_HandleElementNotVisbileAndXANDYCord.HandleHiddenWebElements -->
