<?xml version="1.0" encoding="UTF-8"?>
<!-- Generated by org.testng.reporters.JUnitReportReporter -->
<testsuite skipped="0" hostname="LAPTOP-D0CIFDTL" name="Module4_FindAllBrokenLinks.FindAllBrokenLinks" tests="1" failures="0" timestamp="2022-10-26T14:26:49 IST" time="30.141" errors="0">
  <testcase name="f" time="30.141" classname="Module4_FindAllBrokenLinks.FindAllBrokenLinks"/>
  <system-out/>
</testsuite> <!-- Module4_FindAllBrokenLinks.FindAllBrokenLinks -->
