<?xml version="1.0" encoding="UTF-8"?>
<!-- Generated by org.testng.reporters.JUnitReportReporter -->
<testsuite hostname="MONO-HYD-LAP-12" name="topic_5_Module3_HandleBootstrapPopupWindow.HandleModelWindow" tests="1" failures="0" timestamp="11 Sep 2019 11:32:19 GMT" time="10.069" errors="0">
  <testcase name="f1" time="10.069" classname="topic_5_Module3_HandleBootstrapPopupWindow.HandleModelWindow"/>
</testsuite> <!-- topic_5_Module3_HandleBootstrapPopupWindow.HandleModelWindow -->
