<?xml version="1.0" encoding="UTF-8"?>
<!-- Generated by org.testng.reporters.JUnitReportReporter -->
<testsuite hostname="MONO-HYD-LAP-12" name="module3_MultipleWindows.HandleMultipleWindows2" tests="1" failures="0" timestamp="14 Jun 2019 17:22:40 GMT" time="11.668" errors="0">
  <testcase name="f" time="11.668" classname="module3_MultipleWindows.HandleMultipleWindows2"/>
</testsuite> <!-- module3_MultipleWindows.HandleMultipleWindows2 -->
