<?xml version="1.0" encoding="UTF-8"?>
<!-- Generated by org.testng.reporters.JUnitReportReporter -->
<testsuite hostname="MONO-HYD-LAP-12" name="module2_WaitCommand.FluentWaitExample" tests="1" failures="0" timestamp="14 Jun 2019 02:03:43 GMT" time="20.578" errors="0">
  <testcase name="f" time="20.578" classname="module2_WaitCommand.FluentWaitExample"/>
</testsuite> <!-- module2_WaitCommand.FluentWaitExample -->
