<?xml version="1.0" encoding="UTF-8"?>
<!-- Generated by org.testng.reporters.JUnitReportReporter -->
<testsuite hostname="MONO-HYD-LAP-12" name="Module3_HandleBootstrapPopupWindow.HandleModelWindow" tests="1" failures="0" timestamp="17 Jun 2019 11:00:51 GMT" time="8.628" errors="0">
  <testcase name="f1" time="8.628" classname="Module3_HandleBootstrapPopupWindow.HandleModelWindow"/>
</testsuite> <!-- Module3_HandleBootstrapPopupWindow.HandleModelWindow -->
