<?xml version="1.0" encoding="UTF-8"?>
<!-- Generated by org.testng.reporters.JUnitReportReporter -->
<testsuite skipped="0" hostname="LAPTOP-D0CIFDTL" name="Module4_InvalidStateElementException.ExmapleTextBox" tests="1" failures="0" timestamp="2022-10-26T15:03:30 IST" time="6.171" errors="0">
  <testcase name="f" time="6.171" classname="Module4_InvalidStateElementException.ExmapleTextBox"/>
  <system-out/>
</testsuite> <!-- Module4_InvalidStateElementException.ExmapleTextBox -->
