<?xml version="1.0" encoding="UTF-8"?>
<!-- Generated by org.testng.reporters.JUnitReportReporter -->
<testsuite skipped="0" hostname="ICICI-JENKINS" name="readAndWriteExcelData.ReadDataFromExcelFile3" tests="1" failures="0" timestamp="18 Sep 2018 16:46:00 GMT" time="0.570" errors="0">
  <testcase name="f" time="0.570" classname="readAndWriteExcelData.ReadDataFromExcelFile3"/>
</testsuite> <!-- readAndWriteExcelData.ReadDataFromExcelFile3 -->
