<?xml version="1.0" encoding="UTF-8"?>
<!-- Generated by org.testng.reporters.JUnitReportReporter -->
<testsuite hostname="MONO-HYD-LAP-12" name="Module3_DatePicker.DataPickerDemo2" tests="1" failures="0" timestamp="17 Jun 2019 18:43:03 GMT" time="59.954" errors="0">
  <testcase name="f" time="59.954" classname="Module3_DatePicker.DataPickerDemo2"/>
</testsuite> <!-- Module3_DatePicker.DataPickerDemo2 -->
