<?xml version="1.0" encoding="UTF-8"?>
<!-- Generated by org.testng.reporters.JUnitReportReporter -->
<testsuite hostname="MONO-HYD-LAP-12" name="module2_WaitCommand.ExplicitWaitExample" tests="1" failures="0" timestamp="13 Jun 2019 17:41:45 GMT" time="28.739" errors="0">
  <testcase name="f" time="28.739" classname="module2_WaitCommand.ExplicitWaitExample"/>
</testsuite> <!-- module2_WaitCommand.ExplicitWaitExample -->
