<?xml version="1.0" encoding="UTF-8"?>
<!-- Generated by org.testng.reporters.JUnitReportReporter -->
<testsuite hostname="MONO-HYD-LAP-12" name="Module3_log4JExample.Log4JExample" tests="1" failures="0" timestamp="11 Sep 2019 11:23:40 GMT" time="0.188" errors="0">
  <testcase name="f" time="0.188" classname="Module3_log4JExample.Log4JExample"/>
</testsuite> <!-- Module3_log4JExample.Log4JExample -->
