<?xml version="1.0" encoding="UTF-8"?>
<!-- Generated by org.testng.reporters.JUnitReportReporter -->
<testsuite hostname="MONO-HYD-LAP-12" name="Module4_HandleElementNotVisbileAndXANDYCord.XandYCordinateExample1" tests="1" failures="0" timestamp="17 Jul 2019 14:24:03 GMT" time="7.316" errors="0">
  <testcase name="f2" time="7.316" classname="Module4_HandleElementNotVisbileAndXANDYCord.XandYCordinateExample1"/>
</testsuite> <!-- Module4_HandleElementNotVisbileAndXANDYCord.XandYCordinateExample1 -->
