<?xml version="1.0" encoding="UTF-8"?>
<!-- Generated by org.testng.reporters.JUnitReportReporter -->
<testsuite skipped="1" hostname="ICICI-JENKINS" name="Module2.UploadFileUsingRobotClass" tests="2" failures="0" timestamp="11 Sep 2018 11:57:52 GMT" time="19.398" errors="0">
  <testcase name="f2" time="19.398" classname="Module2.UploadFileUsingRobotClass"/>
  <testcase name="f" classname="Module2.UploadFileUsingRobotClass">
    <skipped/>
  </testcase> <!-- f -->
</testsuite> <!-- Module2.UploadFileUsingRobotClass -->
