<?xml version="1.0" encoding="UTF-8"?>
<!-- Generated by org.testng.reporters.JUnitReportReporter -->
<testsuite hostname="MONO-HYD-LAP-12" name="Module3_ProxySetting.ChromeProxySetting" tests="1" failures="0" timestamp="25 Jun 2019 18:23:38 GMT" time="3.272" errors="0">
  <testcase name="f2" time="3.272" classname="Module3_ProxySetting.ChromeProxySetting"/>
</testsuite> <!-- Module3_ProxySetting.ChromeProxySetting -->
