<?xml version="1.0" encoding="UTF-8"?>
<!-- Generated by org.testng.reporters.JUnitReportReporter -->
<testsuite skipped="0" hostname="ICICI-JENKINS" name="Module2.BasicDropDown" tests="1" failures="0" timestamp="11 Sep 2018 11:50:52 GMT" time="22.004" errors="0">
  <testcase name="f" time="22.004" classname="Module2.BasicDropDown"/>
</testsuite> <!-- Module2.BasicDropDown -->
