<?xml version="1.0" encoding="UTF-8"?>
<!-- Generated by org.testng.reporters.JUnitReportReporter -->
<testsuite hostname="MONO-HYD-LAP-12" name="Module3_CurrrentDateAndTime.GetDateAndTime" tests="1" failures="0" timestamp="26 Jun 2019 18:09:26 GMT" time="0.015" errors="0">
  <testcase name="f" time="0.015" classname="Module3_CurrrentDateAndTime.GetDateAndTime"/>
</testsuite> <!-- Module3_CurrrentDateAndTime.GetDateAndTime -->
