<?xml version="1.0" encoding="UTF-8"?>
<!-- Generated by org.testng.reporters.JUnitReportReporter -->
<testsuite hostname="MONO-HYD-LAP-12" name="Module4_HandleHiddenWebElements.HandleHiddenWebElements" tests="1" failures="0" timestamp="12 Jul 2019 06:17:42 GMT" time="12.938" errors="0">
  <testcase name="f" time="12.938" classname="Module4_HandleHiddenWebElements.HandleHiddenWebElements"/>
</testsuite> <!-- Module4_HandleHiddenWebElements.HandleHiddenWebElements -->
