<?xml version="1.0" encoding="UTF-8"?>
<!-- Generated by org.testng.reporters.JUnitReportReporter -->
<testsuite skipped="0" hostname="LAPTOP-D0CIFDTL" name="topic_14_Module3_HandleUntrustedCerificates.HandleUntrustedCertificates_ChromeBrowser" tests="1" failures="0" timestamp="2022-10-26T16:58:54 IST" time="3.263" errors="0">
  <testcase name="handleUntrustedCerificatesChromeBrowser" time="3.263" classname="topic_14_Module3_HandleUntrustedCerificates.HandleUntrustedCertificates_ChromeBrowser"/>
  <system-out/>
</testsuite> <!-- topic_14_Module3_HandleUntrustedCerificates.HandleUntrustedCertificates_ChromeBrowser -->
