<?xml version="1.0" encoding="UTF-8"?>
<!-- Generated by org.testng.reporters.JUnitReportReporter -->
<testsuite skipped="0" hostname="LAPTOP-D0CIFDTL" name="module2_ActionClass.DragAndDropByFuncExample" tests="1" failures="0" timestamp="2022-10-26T09:55:11 IST" time="11.273" errors="0">
  <testcase name="f1" time="11.273" classname="module2_ActionClass.DragAndDropByFuncExample"/>
  <system-out/>
</testsuite> <!-- module2_ActionClass.DragAndDropByFuncExample -->
