<?xml version="1.0" encoding="UTF-8"?>
<!-- Generated by org.testng.reporters.JUnitReportReporter -->
<testsuite hostname="MONO-HYD-LAP-12" name="Module3_PageScrollExamples.ScrollExample1" tests="1" failures="0" timestamp="26 Jun 2019 12:53:39 GMT" time="20.579" errors="0">
  <testcase name="scrollDownAndUP" time="20.579" classname="Module3_PageScrollExamples.ScrollExample1"/>
</testsuite> <!-- Module3_PageScrollExamples.ScrollExample1 -->
