<?xml version="1.0" encoding="UTF-8"?>
<!-- Generated by org.testng.reporters.JUnitReportReporter -->
<testsuite hostname="MONO-HYD-LAP-12" name="Module3_DatePicker.DatePickerDemo5" tests="1" failures="0" timestamp="17 Jun 2019 19:41:36 GMT" time="153.789" errors="0">
  <testcase name="f" time="153.789" classname="Module3_DatePicker.DatePickerDemo5"/>
</testsuite> <!-- Module3_DatePicker.DatePickerDemo5 -->
