<?xml version="1.0" encoding="UTF-8"?>
<!-- Generated by org.testng.reporters.JUnitReportReporter -->
<testsuite skipped="0" hostname="LAPTOP-D0CIFDTL" name="module2_ActionClass.DragAndDropByClickAndHold" tests="1" failures="0" timestamp="2022-10-26T09:47:16 IST" time="13.440" errors="0">
  <testcase name="f2" time="13.440" classname="module2_ActionClass.DragAndDropByClickAndHold"/>
  <system-out/>
</testsuite> <!-- module2_ActionClass.DragAndDropByClickAndHold -->
