<?xml version="1.0" encoding="UTF-8"?>
<!-- Generated by org.testng.reporters.JUnitReportReporter -->
<testsuite hostname="MONO-HYD-LAP-12" name="topic_14_Module3_HandleUntrustedCerificates.HandleUntrustedCertificates_DiffernetBrowsers" tests="1" failures="0" timestamp="12 Sep 2019 07:45:59 GMT" time="7.949" errors="0">
  <testcase name="handleUntrustedCerificatesFireFoxBrowser" time="7.949" classname="topic_14_Module3_HandleUntrustedCerificates.HandleUntrustedCertificates_DiffernetBrowsers"/>
</testsuite> <!-- topic_14_Module3_HandleUntrustedCerificates.HandleUntrustedCertificates_DiffernetBrowsers -->
