<?xml version="1.0" encoding="UTF-8"?>
<!-- Generated by org.testng.reporters.JUnitReportReporter -->
<testsuite skipped="0" hostname="LAPTOP-D0CIFDTL" name="Module4_HighlightOnElement.HighLightTextBox" tests="1" failures="0" timestamp="2022-10-26T14:45:19 IST" time="4.521" errors="0">
  <testcase name="f" time="4.521" classname="Module4_HighlightOnElement.HighLightTextBox"/>
  <system-out/>
</testsuite> <!-- Module4_HighlightOnElement.HighLightTextBox -->
