<?xml version="1.0" encoding="UTF-8"?>
<!-- Generated by org.testng.reporters.JUnitReportReporter -->
<testsuite hostname="MONO-HYD-LAP-12" name="Module3_PageScrollExamples.ScroolIntoView" tests="1" failures="0" timestamp="26 Jun 2019 17:53:14 GMT" time="23.725" errors="0">
  <testcase name="scrollIntoViewExample" time="23.725" classname="Module3_PageScrollExamples.ScroolIntoView"/>
</testsuite> <!-- Module3_PageScrollExamples.ScroolIntoView -->
