<?xml version="1.0" encoding="UTF-8"?>
<!-- Generated by org.testng.reporters.JUnitReportReporter -->
<testsuite skipped="1" hostname="ICICI-JENKINS" name="readAndWriteExcelData.ReadExcelFile4" tests="2" failures="0" timestamp="18 Sep 2018 17:05:55 GMT" time="0.600" errors="0">
  <testcase name="f1" time="0.600" classname="readAndWriteExcelData.ReadExcelFile4"/>
  <testcase name="f" classname="readAndWriteExcelData.ReadExcelFile4">
    <skipped/>
  </testcase> <!-- f -->
</testsuite> <!-- readAndWriteExcelData.ReadExcelFile4 -->
