<?xml version="1.0" encoding="UTF-8"?>
<!-- Generated by org.testng.reporters.JUnitReportReporter -->
<testsuite hostname="MONO-HYD-LAP-12" name="topic_9_Module3_log4JExample.TestClass" tests="1" failures="0" timestamp="5 Mar 2020 06:07:58 GMT" time="22.460" errors="0">
  <testcase name="f" time="22.460" classname="topic_9_Module3_log4JExample.TestClass"/>
</testsuite> <!-- topic_9_Module3_log4JExample.TestClass -->
