<?xml version="1.0" encoding="UTF-8"?>
<!-- Generated by org.testng.reporters.JUnitReportReporter -->
<testsuite hostname="MONO-HYD-LAP-12" name="screenShotsExample.ScreenShotExample1" tests="1" failures="0" timestamp="24 Jun 2019 03:14:24 GMT" time="12.422" errors="0">
  <testcase name="f" time="12.422" classname="screenShotsExample.ScreenShotExample1"/>
</testsuite> <!-- screenShotsExample.ScreenShotExample1 -->
