<?xml version="1.0" encoding="UTF-8"?>
<!-- Generated by org.testng.reporters.JUnitReportReporter -->
<testsuite skipped="0" hostname="LAPTOP-D0CIFDTL" name="module2_ActionClass.KeyDownExample" tests="1" failures="0" timestamp="2022-10-26T10:59:33 IST" time="12.033" errors="0">
  <testcase name="f" time="12.033" classname="module2_ActionClass.KeyDownExample"/>
  <system-out/>
</testsuite> <!-- module2_ActionClass.KeyDownExample -->
