<?xml version="1.0" encoding="UTF-8"?>
<!-- Generated by org.testng.reporters.JUnitReportReporter -->
<testsuite skipped="0" hostname="ICICI-JENKINS" name="Module2.IEBrowser" tests="1" failures="0" timestamp="11 Sep 2018 07:05:09 GMT" time="2.971" errors="0">
  <testcase name="f" time="2.971" classname="Module2.IEBrowser"/>
</testsuite> <!-- Module2.IEBrowser -->
