<?xml version="1.0" encoding="UTF-8"?>
<!-- Generated by org.testng.reporters.JUnitReportReporter -->
<testsuite skipped="0" hostname="LAPTOP-D0CIFDTL" name="topic_14_Module3_HandleUntrustedCerificates.HandleUntrustedCertificates_FireFoxBrowser" tests="1" failures="0" timestamp="2022-10-26T16:59:18 IST" time="4.618" errors="0">
  <testcase name="handleUntrustedCerificatesFireFoxBrowser" time="4.618" classname="topic_14_Module3_HandleUntrustedCerificates.HandleUntrustedCertificates_FireFoxBrowser"/>
  <system-out/>
</testsuite> <!-- topic_14_Module3_HandleUntrustedCerificates.HandleUntrustedCertificates_FireFoxBrowser -->
