<?xml version="1.0" encoding="UTF-8"?>
<!-- Generated by org.testng.reporters.JUnitReportReporter -->
<testsuite hostname="MONO-HYD-LAP-12" name="Module3_DatePicker.DatePickerDemo3" tests="1" failures="0" timestamp="17 Jun 2019 19:31:47 GMT" time="111.491" errors="0">
  <testcase name="f" time="111.491" classname="Module3_DatePicker.DatePickerDemo3"/>
</testsuite> <!-- Module3_DatePicker.DatePickerDemo3 -->
