<?xml version="1.0" encoding="UTF-8"?>
<!-- Generated by org.testng.reporters.JUnitReportReporter -->
<testsuite skipped="0" hostname="LAPTOP-D0CIFDTL" name="topic_8_Module3_RobotClass.ClickEnterExample" tests="1" failures="0" timestamp="2022-10-27T15:41:37 IST" time="7.190" errors="0">
  <testcase name="f" time="7.190" classname="topic_8_Module3_RobotClass.ClickEnterExample"/>
  <system-out/>
</testsuite> <!-- topic_8_Module3_RobotClass.ClickEnterExample -->
