<?xml version="1.0" encoding="UTF-8"?>
<!-- Generated by org.testng.reporters.JUnitReportReporter -->
<testsuite hostname="MONO-HYD-LAP-12" name="Module4_HowToDownload_Files.Module4_HowToDownloadAEXEFile_FirefoxBrowser" tests="1" failures="0" timestamp="18 Oct 2019 03:10:46 GMT" time="17.242" errors="0">
  <testcase name="f" time="17.242" classname="Module4_HowToDownload_Files.Module4_HowToDownloadAEXEFile_FirefoxBrowser"/>
</testsuite> <!-- Module4_HowToDownload_Files.Module4_HowToDownloadAEXEFile_FirefoxBrowser -->
