<?xml version="1.0" encoding="UTF-8"?>
<!-- Generated by org.testng.reporters.JUnitReportReporter -->
<testsuite skipped="0" hostname="ICICI-JENKINS" name="readAndWriteExcelData.ReadDataFromExcel2" tests="1" failures="0" timestamp="17 Sep 2018 16:20:33 GMT" time="0.629" errors="0">
  <testcase name="test" time="0.629" classname="readAndWriteExcelData.ReadDataFromExcel2"/>
</testsuite> <!-- readAndWriteExcelData.ReadDataFromExcel2 -->
