<?xml version="1.0" encoding="UTF-8"?>
<!-- Generated by org.testng.reporters.JUnitReportReporter -->
<testsuite skipped="0" hostname="ICICI-JENKINS" name="Module2.UploadAFileByNormalSendKeys" tests="1" failures="0" timestamp="27 Sep 2018 15:29:07 GMT" time="28.927" errors="0">
  <testcase name="f2" time="28.927" classname="Module2.UploadAFileByNormalSendKeys"/>
</testsuite> <!-- Module2.UploadAFileByNormalSendKeys -->
