<?xml version="1.0" encoding="UTF-8"?>
<!-- Generated by org.testng.reporters.JUnitReportReporter -->
<testsuite hostname="MONO-HYD-LAP-12" name="topic_1_Module4_RunSeleniumTestCommandPrompt.BatFileExampleDemo" tests="1" failures="0" timestamp="16 Sep 2019 12:21:02 GMT" time="0.010" errors="0">
  <testcase name="f" time="0.010" classname="topic_1_Module4_RunSeleniumTestCommandPrompt.BatFileExampleDemo"/>
</testsuite> <!-- topic_1_Module4_RunSeleniumTestCommandPrompt.BatFileExampleDemo -->
