<?xml version="1.0" encoding="UTF-8"?>
<!-- Generated by org.testng.reporters.JUnitReportReporter -->
<testsuite hostname="MONO-HYD-LAP-12" name="topic_5_Module3_HandleBootstrapPopupWindow.HandleModelWindow2" tests="1" failures="0" timestamp="11 Sep 2019 11:33:03 GMT" time="30.009" errors="0">
  <testcase name="f1" time="30.009" classname="topic_5_Module3_HandleBootstrapPopupWindow.HandleModelWindow2"/>
</testsuite> <!-- topic_5_Module3_HandleBootstrapPopupWindow.HandleModelWindow2 -->
