<?xml version="1.0" encoding="UTF-8"?>
<!-- Generated by org.testng.reporters.JUnitReportReporter -->
<testsuite hostname="MONO-HYD-LAP-12" name="module3_MultipleWindows.HandleWindowMethod1" tests="1" failures="0" timestamp="14 Jun 2019 17:07:52 GMT" time="9.889" errors="0">
  <testcase name="f" time="9.889" classname="module3_MultipleWindows.HandleWindowMethod1"/>
</testsuite> <!-- module3_MultipleWindows.HandleWindowMethod1 -->
