<?xml version="1.0" encoding="UTF-8"?>
<!-- Generated by org.testng.reporters.JUnitReportReporter -->
<testsuite hostname="MONO-HYD-LAP-12" name="Module4_HandleElementNotClickableXandYCord.Example1" tests="1" failures="0" timestamp="12 Jul 2019 13:00:45 GMT" time="14.480" errors="0">
  <testcase name="f" time="14.480" classname="Module4_HandleElementNotClickableXandYCord.Example1"/>
</testsuite> <!-- Module4_HandleElementNotClickableXandYCord.Example1 -->
