<?xml version="1.0" encoding="UTF-8"?>
<!-- Generated by org.testng.reporters.JUnitReportReporter -->
<testsuite skipped="0" hostname="LAPTOP-D0CIFDTL" name="Module4_JavaScriptExecutor.HowtoTypeInSeleniumWithoutUsingSendKeys" tests="1" failures="0" timestamp="2022-10-26T15:09:18 IST" time="5.986" errors="0">
  <testcase name="f" time="5.986" classname="Module4_JavaScriptExecutor.HowtoTypeInSeleniumWithoutUsingSendKeys"/>
  <system-out/>
</testsuite> <!-- Module4_JavaScriptExecutor.HowtoTypeInSeleniumWithoutUsingSendKeys -->
