<?xml version="1.0" encoding="UTF-8"?>
<!-- Generated by org.testng.reporters.JUnitReportReporter -->
<testsuite hostname="MONO-HYD-LAP-12" name="module2_ActionClass.DragAndDropExample" tests="1" failures="0" timestamp="12 Jun 2019 07:41:01 GMT" time="16.848" errors="0">
  <testcase name="f2" time="16.848" classname="module2_ActionClass.DragAndDropExample"/>
</testsuite> <!-- module2_ActionClass.DragAndDropExample -->
