<?xml version="1.0" encoding="UTF-8"?>
<!-- Generated by org.testng.reporters.JUnitReportReporter -->
<testsuite hostname="MONO-HYD-LAP-12" name="topic_6_Module3_DatePicker.DatePickerDemo" tests="1" failures="0" timestamp="16 Nov 2019 17:39:09 GMT" time="111.242" errors="0">
  <testcase name="f1" time="111.242" classname="topic_6_Module3_DatePicker.DatePickerDemo"/>
</testsuite> <!-- topic_6_Module3_DatePicker.DatePickerDemo -->
