<?xml version="1.0" encoding="UTF-8"?>
<!-- Generated by org.testng.reporters.JUnitReportReporter -->
<testsuite hostname="MONO-HYD-LAP-12" name="Module3_HandleBootstrapPopupWindow.HandleModelWindow2" tests="1" failures="0" timestamp="17 Jun 2019 11:39:20 GMT" time="43.979" errors="0">
  <testcase name="f1" time="43.979" classname="Module3_HandleBootstrapPopupWindow.HandleModelWindow2"/>
</testsuite> <!-- Module3_HandleBootstrapPopupWindow.HandleModelWindow2 -->
