<?xml version="1.0" encoding="UTF-8"?>
<!-- Generated by org.testng.reporters.JUnitReportReporter -->
<testsuite hostname="MONO-HYD-LAP-12" name="screenShotsExample.UsingRobotClass" tests="1" failures="0" timestamp="24 Jun 2019 07:26:04 GMT" time="0.422" errors="0">
  <testcase name="f" time="0.422" classname="screenShotsExample.UsingRobotClass"/>
</testsuite> <!-- screenShotsExample.UsingRobotClass -->
