<?xml version="1.0" encoding="UTF-8"?>
<!-- Generated by org.testng.reporters.JUnitReportReporter -->
<testsuite skipped="0" hostname="LAPTOP-D0CIFDTL" name="topic_16_Module3_CurrrentDateAndTime.GetDateAndTime" tests="1" failures="0" timestamp="2022-10-26T21:22:27 IST" time="0.018" errors="0">
  <testcase name="f" time="0.018" classname="topic_16_Module3_CurrrentDateAndTime.GetDateAndTime"/>
  <system-out/>
</testsuite> <!-- topic_16_Module3_CurrrentDateAndTime.GetDateAndTime -->
