<?xml version="1.0" encoding="UTF-8"?>
<!-- Generated by org.testng.reporters.JUnitReportReporter -->
<testsuite skipped="1" hostname="LAPTOP-D0CIFDTL" name="module2_ActionClass.RightClickExample" tests="2" failures="0" timestamp="2022-10-26T11:11:08 IST" time="13.138" errors="0">
  <testcase name="f2" time="13.138" classname="module2_ActionClass.RightClickExample"/>
  <system-out/>
  <testcase name="f1" classname="module2_ActionClass.RightClickExample">
    <skipped/>
  </testcase> <!-- f1 -->
  <system-out/>
</testsuite> <!-- module2_ActionClass.RightClickExample -->
