<?xml version="1.0" encoding="UTF-8"?>
<!-- Generated by org.testng.reporters.JUnitReportReporter -->
<testsuite hostname="MONO-HYD-LAP-12" name="Module4_HowToDownload_Files.ChromeTest" tests="1" failures="0" timestamp="18 Oct 2019 03:09:17 GMT" time="28.264" errors="0">
  <testcase name="f" time="28.264" classname="Module4_HowToDownload_Files.ChromeTest"/>
</testsuite> <!-- Module4_HowToDownload_Files.ChromeTest -->
