<?xml version="1.0" encoding="UTF-8"?>
<!-- Generated by org.testng.reporters.JUnitReportReporter -->
<testsuite skipped="0" hostname="ICICI-JENKINS" name="Module2.ClassTest" tests="1" failures="0" timestamp="02 Oct 2018 13:55:46 GMT" time="28.283" errors="0">
  <testcase name="f" time="28.283" classname="Module2.ClassTest"/>
</testsuite> <!-- Module2.ClassTest -->
