<?xml version="1.0" encoding="UTF-8"?>
<!-- Generated by org.testng.reporters.JUnitReportReporter -->
<testsuite hostname="MONO-HYD-LAP-12" name="Module4_JavaScriptExecutor.HowToClickOnElement" tests="1" failures="0" timestamp="20 Jul 2019 12:44:04 GMT" time="11.968" errors="0">
  <testcase name="f" time="11.968" classname="Module4_JavaScriptExecutor.HowToClickOnElement"/>
</testsuite> <!-- Module4_JavaScriptExecutor.HowToClickOnElement -->
