<?xml version="1.0" encoding="UTF-8"?>
<!-- Generated by org.testng.reporters.JUnitReportReporter -->
<testsuite hostname="MONO-HYD-LAP-12" name="Module3_iFrameExamples.FrameExample1" tests="1" failures="0" timestamp="15 Jun 2019 10:33:41 GMT" time="33.263" errors="0">
  <testcase name="f1" time="33.263" classname="Module3_iFrameExamples.FrameExample1"/>
</testsuite> <!-- Module3_iFrameExamples.FrameExample1 -->
