<?xml version="1.0" encoding="UTF-8"?>
<!-- Generated by org.testng.reporters.JUnitReportReporter -->
<testsuite hostname="MONO-HYD-LAP-12" name="Module4_StaleElementRefrenceException.Example1" tests="1" failures="0" timestamp="16 Nov 2019 14:36:01 GMT" time="14.147" errors="0">
  <testcase name="f1" time="14.147" classname="Module4_StaleElementRefrenceException.Example1"/>
</testsuite> <!-- Module4_StaleElementRefrenceException.Example1 -->
