<?xml version="1.0" encoding="UTF-8"?>
<!-- Generated by org.testng.reporters.JUnitReportReporter -->
<testsuite hostname="MONO-HYD-LAP-12" name="Module3_HandleHiddenElements.HowToHandleHiddenElementExample1" tests="1" failures="0" timestamp="27 Jun 2019 09:41:00 GMT" time="10.497" errors="0">
  <testcase name="f" time="10.497" classname="Module3_HandleHiddenElements.HowToHandleHiddenElementExample1"/>
</testsuite> <!-- Module3_HandleHiddenElements.HowToHandleHiddenElementExample1 -->
