<?xml version="1.0" encoding="UTF-8"?>
<!-- Generated by org.testng.reporters.JUnitReportReporter -->
<testsuite hostname="MONO-HYD-LAP-12" name="screenShotsExample.ScreenShotExample2" tests="1" failures="0" timestamp="24 Jun 2019 07:12:49 GMT" time="9.366" errors="0">
  <testcase name="f1" time="9.366" classname="screenShotsExample.ScreenShotExample2"/>
</testsuite> <!-- screenShotsExample.ScreenShotExample2 -->
