<?xml version="1.0" encoding="UTF-8"?>
<!-- Generated by org.testng.reporters.JUnitReportReporter -->
<testsuite hostname="MONO-HYD-LAP-12" name="Module2.UploadAFileUsingAutoIT" tests="1" failures="0" timestamp="11 Jun 2019 18:49:19 GMT" time="9.830" errors="0">
  <testcase name="f" time="9.830" classname="Module2.UploadAFileUsingAutoIT"/>
</testsuite> <!-- Module2.UploadAFileUsingAutoIT -->
