<?xml version="1.0" encoding="UTF-8"?>
<!-- Generated by org.testng.reporters.JUnitReportReporter -->
<testsuite hostname="MONO-HYD-LAP-12" name="Module3_ToolTip.ToolTipExample" tests="1" failures="0" timestamp="25 Jun 2019 17:49:42 GMT" time="8.783" errors="0">
  <testcase name="faceBookLoginFailureExample" time="8.783" classname="Module3_ToolTip.ToolTipExample"/>
</testsuite> <!-- Module3_ToolTip.ToolTipExample -->
